[handleMsg]:  {
  key: {
    remoteJid: '573105045350@s.whatsapp.net',
    fromMe: false,
    id: '624D5786951D3C2D8608D717A5DE82FE',
    participant: undefined
  },
  messageTimestamp: 1719073243,
  pushName: 'Esteban',
  broadcast: false,
  message: Message {
    conversation: 'Hola',
    messageContextInfo: MessageContextInfo {
      deviceListMetadata: [DeviceListMetadata],
      deviceListMetadataVersion: 2
    }
  },
  body: 'Hola',
  from: '573105045350'
}
[QUEUE_SE_ENVIO]:  {
  ref: 'ans_11ac77e6-1e9b-4315-aa68-0fd3928cdea4',
  keyword: 'key_5c233048-958a-45af-b1b9-28f65ce19fd9',
  answer: 'Hola, y bienvenido/a al proceso de selecci칩n de OFRECETUTALENTO 游뗿, Estoy aqu칤 para ayudarte a postular a una vacante y guiarte a trav칠s del proceso de manera sencilla 游녧',
  options: {
    media: null,
    buttons: [],
    capture: false,
    child: null,
    delay: 0,
    idle: null,
    ref: null,
    nested: [],
    keyword: {},
    callback: false
  },
  refSerialize: '5b54f514237c4ab38c34dc0d79535401'
}
[QUEUE_SE_ENVIO]:  {
  ref: 'ans_9a8fca08-0a6f-4049-864b-7813fc701223',
  keyword: 'ans_11ac77e6-1e9b-4315-aa68-0fd3928cdea4',
  answer: '*ACUERDO DE POLITICA DE PRIVACIDAD*',
  options: {
    media: null,
    buttons: [],
    capture: false,
    child: null,
    delay: 0,
    idle: null,
    ref: null,
    nested: [],
    keyword: {},
    callback: false
  },
  refSerialize: '82e4a0b7b991be198eb299c26a1de551'
}
[QUEUE_SE_ENVIO]:  {
  ref: 'ans_edd7fb26-9aa0-494d-923d-7a18d58006a5',
  keyword: 'ans_9a8fca08-0a6f-4049-864b-7813fc701223',
  answer: 'Antes de continuar, es importante que leas y aceptes nuestra pol칤tica de privacidad, puedes encontrarla en https://bit.ly/politicadeprivacidad-gu',
  options: {
    media: null,
    buttons: [],
    capture: false,
    child: null,
    delay: 0,
    idle: null,
    ref: null,
    nested: [],
    keyword: {},
    callback: false
  },
  refSerialize: '78a217d90a130d8d9a5237cd68e3c36f'
}
[QUEUE_SE_ENVIO]:  {
  ref: 'ans_d2056dac-f038-4b8f-8691-bce8f4868dd6',
  keyword: 'ans_edd7fb26-9aa0-494d-923d-7a18d58006a5',
  answer: '쮸ceptas nuestra politica de privacidad?\n' +
    ' Escribe *SI ACEPTO* o *NO ACEPTO*',
  options: {
    media: null,
    buttons: [],
    capture: true,
    child: null,
    delay: 0,
    idle: null,
    ref: null,
    nested: [ [Object], [Object], [Object], [Object] ],
    keyword: {},
    callback: true
  },
  refSerialize: 'ed70cc0e1c547bbb6093e1b81cc2d99f'
}
[handleMsg]:  {
  key: {
    remoteJid: '573105045350@s.whatsapp.net',
    fromMe: false,
    id: '4027BD3DDE08B40E5D0431598AAF0DE0',
    participant: undefined
  },
  messageTimestamp: 1719073247,
  pushName: 'Esteban',
  broadcast: false,
  message: Message {
    conversation: 'Si acepto',
    messageContextInfo: MessageContextInfo {
      deviceListMetadata: [DeviceListMetadata],
      deviceListMetadataVersion: 2
    }
  },
  body: 'Si acepto',
  from: '573105045350'
}
[QUEUE_SE_ENVIO]:  {
  ref: 'ans_cea04f79-7421-4b98-8af8-9575f06c5881',
  keyword: 'key_f5c7a4e9-91af-4e81-a2ca-50c8cf1a9519',
  answer: 'Escribe *PROCESO* si quieres continuar en el proceso de selecci칩n, o escribe *BOT* si quieres recibir consejos de como puedes mejorar tu CV y mejorar tus habilidades blandas para aumentar tus posibilidades de ser seleccionado. 游땕',
  options: {
    media: null,
    buttons: [],
    capture: true,
    child: null,
    delay: 0,
    idle: null,
    ref: null,
    nested: [
      [Object], [Object],
      [Object], [Object],
      [Object], [Object],
      [Object], [Object],
      [Object], [Object],
      [Object], [Object],
      [Object], [Object]
    ],
    keyword: {},
    callback: true
  },
  refSerialize: '9cee2be64b6c6ddedc0946ae5bc323ae'
}
[handleMsg]:  {
  key: {
    remoteJid: '573105045350@s.whatsapp.net',
    fromMe: false,
    id: '0565B9270FD7F10B5A1BB1E2B9C5E04A',
    participant: undefined
  },
  messageTimestamp: 1719073249,
  pushName: 'Esteban',
  broadcast: false,
  message: Message {
    conversation: 'Proceso',
    messageContextInfo: MessageContextInfo {
      deviceListMetadata: [DeviceListMetadata],
      deviceListMetadataVersion: 2
    }
  },
  body: 'Proceso',
  from: '573105045350'
}
[QUEUE_SE_ENVIO]:  {
  ref: 'ans_82fcedb8-c875-43c8-9101-8be258add4db',
  keyword: 'key_594503c1-c5b4-4936-8517-19ffdbd3df86',
  answer: 'Gracias por continuar en el proceso 游때, podemos proceder con la recopilaci칩n de tu informaci칩n 游녨',
  options: {
    media: null,
    buttons: [],
    capture: false,
    child: null,
    delay: 0,
    idle: null,
    ref: null,
    nested: [],
    keyword: {},
    callback: false
  },
  refSerialize: '4aee509cfb8ddcd601c8341e3a9c7430'
}
[QUEUE_SE_ENVIO]:  {
  ref: 'ans_6c3376d3-634b-4ced-9af1-ae4b286da923',
  keyword: 'ans_82fcedb8-c875-43c8-9101-8be258add4db',
  answer: 'Para comenzar, necesito algunos datos personales, para identificarte en nuestro sistema, si en algun momento quieres cancelar el proceso, escribe *NO* 游뗿',
  options: {
    media: null,
    buttons: [],
    capture: false,
    child: null,
    delay: 0,
    idle: null,
    ref: null,
    nested: [],
    keyword: {},
    callback: false
  },
  refSerialize: 'ea6f0ad19bc51d3d713def1971639514'
}
[QUEUE_SE_ENVIO]:  {
  ref: 'ans_aa0cf820-e420-4996-ba01-5e86faea766d',
  keyword: 'ans_6c3376d3-634b-4ced-9af1-ae4b286da923',
  answer: '쯇odr칤as indicarme tu nombre completo?',
  options: {
    media: null,
    buttons: [],
    capture: true,
    child: null,
    delay: 0,
    idle: null,
    ref: null,
    nested: [],
    keyword: {},
    callback: true
  },
  refSerialize: 'db8ddd2a64ee1d349040d004445bd6f2'
}
[handleMsg]:  {
  key: {
    remoteJid: '573105045350@s.whatsapp.net',
    fromMe: false,
    id: '61CC2AB0DC7EBBBB61217A85058D422E',
    participant: undefined
  },
  messageTimestamp: 1719073260,
  pushName: 'Esteban',
  broadcast: false,
  message: Message {
    conversation: 'Julian rojas',
    messageContextInfo: MessageContextInfo {
      deviceListMetadata: [DeviceListMetadata],
      deviceListMetadataVersion: 2
    }
  },
  body: 'Julian rojas',
  from: '573105045350'
}
[QUEUE_SE_ENVIO]:  {
  ref: 'ans_7b61765e-af71-41d1-99fe-f1c6d355b613',
  keyword: 'ans_aa0cf820-e420-4996-ba01-5e86faea766d',
  answer: '쯇odr칤as indicarme tu numero de documento?',
  options: {
    media: null,
    buttons: [],
    capture: true,
    child: null,
    delay: 0,
    idle: null,
    ref: null,
    nested: [],
    keyword: {},
    callback: true
  },
  refSerialize: 'f00e3902862633a0661274c15e988f51'
}
[handleMsg]:  {
  key: {
    remoteJid: '573105045350@s.whatsapp.net',
    fromMe: false,
    id: 'F68BA78C1B2B84BB304379431B44D60D',
    participant: undefined
  },
  messageTimestamp: 1719073263,
  pushName: 'Esteban',
  broadcast: false,
  message: Message {
    conversation: '29228282',
    messageContextInfo: MessageContextInfo {
      deviceListMetadata: [DeviceListMetadata],
      deviceListMetadataVersion: 2
    }
  },
  body: '29228282',
  from: '573105045350'
}
[QUEUE_SE_ENVIO]:  {
  ref: 'ans_f29332ea-49a9-4922-885b-9344861c3a1d',
  keyword: 'ans_7b61765e-af71-41d1-99fe-f1c6d355b613',
  answer: 'Perfecto游녨 쯇odr칤as indicarme tu numero de whatsapp, para mantener una comunicaci칩n fluida contigo?游때',
  options: {
    media: null,
    buttons: [],
    capture: true,
    child: null,
    delay: 0,
    idle: null,
    ref: null,
    nested: [],
    keyword: {},
    callback: true
  },
  refSerialize: '2c8eedfebc33a6c91f13ec8413680b06'
}
[handleMsg]:  {
  key: {
    remoteJid: '573105045350@s.whatsapp.net',
    fromMe: false,
    id: '138EE026031255107EFC5E7B99B90A5B',
    participant: undefined
  },
  messageTimestamp: 1719073266,
  pushName: 'Esteban',
  broadcast: false,
  message: Message {
    conversation: '181828282',
    messageContextInfo: MessageContextInfo {
      deviceListMetadata: [DeviceListMetadata],
      deviceListMetadataVersion: 2
    }
  },
  body: '181828282',
  from: '573105045350'
}
[QUEUE_SE_ENVIO]:  {
  ref: 'ans_7aeb60ae-a26b-4330-98fd-388a211655e0',
  keyword: 'ans_f29332ea-49a9-4922-885b-9344861c3a1d',
  answer: 'continuemos ya falta poco, 쯇odr칤as indicarme cual es tu correo electr칩nico? (Introduce por favor un formato tipo: *mail@mail.com*)',
  options: {
    media: null,
    buttons: [],
    capture: true,
    child: null,
    delay: 0,
    idle: null,
    ref: null,
    nested: [],
    keyword: {},
    callback: true
  },
  refSerialize: '5fa933b3b0a19d0f4a1375184c600766'
}
[handleMsg]:  {
  key: {
    remoteJid: '573105045350@s.whatsapp.net',
    fromMe: false,
    id: '7653DCEAB1CF9D5E3D4D8C4BCF84E2E9',
    participant: undefined
  },
  messageTimestamp: 1719073270,
  pushName: 'Esteban',
  broadcast: false,
  message: Message {
    conversation: 'Jajkaka',
    messageContextInfo: MessageContextInfo {
      deviceListMetadata: [DeviceListMetadata],
      deviceListMetadataVersion: 2
    }
  },
  body: 'Jajkaka',
  from: '573105045350'
}
[QUEUE_SE_ENVIO]:  {
  ref: 'ans_19580920-55ea-40bf-99e2-ca7f954882d6',
  keyword: 'ans_7aeb60ae-a26b-4330-98fd-388a211655e0',
  answer: '쯇odr칤as indicarme la region en la que vives',
  options: {
    media: null,
    buttons: [],
    capture: true,
    child: null,
    delay: 0,
    idle: null,
    ref: null,
    nested: [],
    keyword: {},
    callback: true
  },
  refSerialize: 'e1edff44333a86b89fc0e2476a199edb'
}
[handleMsg]:  {
  key: {
    remoteJid: '573105045350@s.whatsapp.net',
    fromMe: false,
    id: 'D75646C54205774BB835104252D941B7',
    participant: undefined
  },
  messageTimestamp: 1719073275,
  pushName: 'Esteban',
  broadcast: false,
  message: Message {
    conversation: 'No',
    messageContextInfo: MessageContextInfo {
      deviceListMetadata: [DeviceListMetadata],
      deviceListMetadataVersion: 2
    }
  },
  body: 'No',
  from: '573105045350'
}
[handleMsg]:  {
  key: {
    remoteJid: '573105045350@s.whatsapp.net',
    fromMe: false,
    id: '7B12B65E1305F93ECE3A29EABD663720',
    participant: undefined
  },
  messageTimestamp: 1719073278,
  pushName: 'Esteban',
  broadcast: false,
  message: Message {
    conversation: 'Hola',
    messageContextInfo: MessageContextInfo {
      deviceListMetadata: [DeviceListMetadata],
      deviceListMetadataVersion: 2
    }
  },
  body: 'Hola',
  from: '573105045350'
}
[QUEUE_SE_ENVIO]:  {
  ref: 'ans_11ac77e6-1e9b-4315-aa68-0fd3928cdea4',
  keyword: 'key_5c233048-958a-45af-b1b9-28f65ce19fd9',
  answer: 'Hola, y bienvenido/a al proceso de selecci칩n de OFRECETUTALENTO 游뗿, Estoy aqu칤 para ayudarte a postular a una vacante y guiarte a trav칠s del proceso de manera sencilla 游녧',
  options: {
    media: null,
    buttons: [],
    capture: false,
    child: null,
    delay: 0,
    idle: null,
    ref: null,
    nested: [],
    keyword: {},
    callback: false
  },
  refSerialize: '5b54f514237c4ab38c34dc0d79535401'
}
[QUEUE_SE_ENVIO]:  {
  ref: 'ans_9a8fca08-0a6f-4049-864b-7813fc701223',
  keyword: 'ans_11ac77e6-1e9b-4315-aa68-0fd3928cdea4',
  answer: '*ACUERDO DE POLITICA DE PRIVACIDAD*',
  options: {
    media: null,
    buttons: [],
    capture: false,
    child: null,
    delay: 0,
    idle: null,
    ref: null,
    nested: [],
    keyword: {},
    callback: false
  },
  refSerialize: '82e4a0b7b991be198eb299c26a1de551'
}
[QUEUE_SE_ENVIO]:  {
  ref: 'ans_edd7fb26-9aa0-494d-923d-7a18d58006a5',
  keyword: 'ans_9a8fca08-0a6f-4049-864b-7813fc701223',
  answer: 'Antes de continuar, es importante que leas y aceptes nuestra pol칤tica de privacidad, puedes encontrarla en https://bit.ly/politicadeprivacidad-gu',
  options: {
    media: null,
    buttons: [],
    capture: false,
    child: null,
    delay: 0,
    idle: null,
    ref: null,
    nested: [],
    keyword: {},
    callback: false
  },
  refSerialize: '78a217d90a130d8d9a5237cd68e3c36f'
}
[QUEUE_SE_ENVIO]:  {
  ref: 'ans_d2056dac-f038-4b8f-8691-bce8f4868dd6',
  keyword: 'ans_edd7fb26-9aa0-494d-923d-7a18d58006a5',
  answer: '쮸ceptas nuestra politica de privacidad?\n' +
    ' Escribe *SI ACEPTO* o *NO ACEPTO*',
  options: {
    media: null,
    buttons: [],
    capture: true,
    child: null,
    delay: 0,
    idle: null,
    ref: null,
    nested: [ [Object], [Object], [Object], [Object] ],
    keyword: {},
    callback: true
  },
  refSerialize: 'ed70cc0e1c547bbb6093e1b81cc2d99f'
}
[handleMsg]:  {
  key: {
    remoteJid: '573105045350@s.whatsapp.net',
    fromMe: false,
    id: 'DB3FFED0E0954649E4792304E360AE1A',
    participant: undefined
  },
  messageTimestamp: 1719073281,
  pushName: 'Esteban',
  broadcast: false,
  message: Message {
    conversation: 'Si acepto',
    messageContextInfo: MessageContextInfo {
      deviceListMetadata: [DeviceListMetadata],
      deviceListMetadataVersion: 2
    }
  },
  body: 'Si acepto',
  from: '573105045350'
}
[QUEUE_SE_ENVIO]:  {
  ref: 'ans_cea04f79-7421-4b98-8af8-9575f06c5881',
  keyword: 'key_f5c7a4e9-91af-4e81-a2ca-50c8cf1a9519',
  answer: 'Escribe *PROCESO* si quieres continuar en el proceso de selecci칩n, o escribe *BOT* si quieres recibir consejos de como puedes mejorar tu CV y mejorar tus habilidades blandas para aumentar tus posibilidades de ser seleccionado. 游땕',
  options: {
    media: null,
    buttons: [],
    capture: true,
    child: null,
    delay: 0,
    idle: null,
    ref: null,
    nested: [
      [Object], [Object],
      [Object], [Object],
      [Object], [Object],
      [Object], [Object],
      [Object], [Object],
      [Object], [Object],
      [Object], [Object]
    ],
    keyword: {},
    callback: true
  },
  refSerialize: '9cee2be64b6c6ddedc0946ae5bc323ae'
}
[handleMsg]:  {
  key: {
    remoteJid: '573105045350@s.whatsapp.net',
    fromMe: false,
    id: '3A1CE03995CFAE741D96911E7C2E20DD',
    participant: undefined
  },
  messageTimestamp: 1719073284,
  pushName: 'Esteban',
  broadcast: false,
  message: Message {
    conversation: 'Proceso',
    messageContextInfo: MessageContextInfo {
      deviceListMetadata: [DeviceListMetadata],
      deviceListMetadataVersion: 2
    }
  },
  body: 'Proceso',
  from: '573105045350'
}
[QUEUE_SE_ENVIO]:  {
  ref: 'ans_82fcedb8-c875-43c8-9101-8be258add4db',
  keyword: 'key_594503c1-c5b4-4936-8517-19ffdbd3df86',
  answer: 'Gracias por continuar en el proceso 游때, podemos proceder con la recopilaci칩n de tu informaci칩n 游녨',
  options: {
    media: null,
    buttons: [],
    capture: false,
    child: null,
    delay: 0,
    idle: null,
    ref: null,
    nested: [],
    keyword: {},
    callback: false
  },
  refSerialize: '4aee509cfb8ddcd601c8341e3a9c7430'
}
[QUEUE_SE_ENVIO]:  {
  ref: 'ans_6c3376d3-634b-4ced-9af1-ae4b286da923',
  keyword: 'ans_82fcedb8-c875-43c8-9101-8be258add4db',
  answer: 'Para comenzar, necesito algunos datos personales, para identificarte en nuestro sistema, si en algun momento quieres cancelar el proceso, escribe *NO* 游뗿',
  options: {
    media: null,
    buttons: [],
    capture: false,
    child: null,
    delay: 0,
    idle: null,
    ref: null,
    nested: [],
    keyword: {},
    callback: false
  },
  refSerialize: 'ea6f0ad19bc51d3d713def1971639514'
}
[QUEUE_SE_ENVIO]:  {
  ref: 'ans_aa0cf820-e420-4996-ba01-5e86faea766d',
  keyword: 'ans_6c3376d3-634b-4ced-9af1-ae4b286da923',
  answer: '쯇odr칤as indicarme tu nombre completo?',
  options: {
    media: null,
    buttons: [],
    capture: true,
    child: null,
    delay: 0,
    idle: null,
    ref: null,
    nested: [],
    keyword: {},
    callback: true
  },
  refSerialize: 'db8ddd2a64ee1d349040d004445bd6f2'
}
[handleMsg]:  {
  key: {
    remoteJid: '573105045350@s.whatsapp.net',
    fromMe: false,
    id: '49F5FA9E86EF5F77EFC382083CA57D62',
    participant: undefined
  },
  messageTimestamp: 1719073305,
  pushName: 'Esteban',
  broadcast: false,
  message: Message {
    conversation: 'Julian rojas',
    messageContextInfo: MessageContextInfo {
      deviceListMetadata: [DeviceListMetadata],
      deviceListMetadataVersion: 2
    }
  },
  body: 'Julian rojas',
  from: '573105045350'
}
[QUEUE_SE_ENVIO]:  {
  ref: 'ans_7b61765e-af71-41d1-99fe-f1c6d355b613',
  keyword: 'ans_aa0cf820-e420-4996-ba01-5e86faea766d',
  answer: '쯇odr칤as indicarme tu numero de documento?',
  options: {
    media: null,
    buttons: [],
    capture: true,
    child: null,
    delay: 0,
    idle: null,
    ref: null,
    nested: [],
    keyword: {},
    callback: true
  },
  refSerialize: 'f00e3902862633a0661274c15e988f51'
}
[handleMsg]:  {
  key: {
    remoteJid: '573105045350@s.whatsapp.net',
    fromMe: false,
    id: 'E5D0F983194437C6D69828096028009C',
    participant: undefined
  },
  messageTimestamp: 1719073308,
  pushName: 'Esteban',
  broadcast: false,
  message: Message {
    conversation: '29282',
    messageContextInfo: MessageContextInfo {
      deviceListMetadata: [DeviceListMetadata],
      deviceListMetadataVersion: 2
    }
  },
  body: '29282',
  from: '573105045350'
}
[QUEUE_SE_ENVIO]:  {
  ref: 'ans_f29332ea-49a9-4922-885b-9344861c3a1d',
  keyword: 'ans_7b61765e-af71-41d1-99fe-f1c6d355b613',
  answer: 'Perfecto游녨 쯇odr칤as indicarme tu numero de whatsapp, para mantener una comunicaci칩n fluida contigo?游때',
  options: {
    media: null,
    buttons: [],
    capture: true,
    child: null,
    delay: 0,
    idle: null,
    ref: null,
    nested: [],
    keyword: {},
    callback: true
  },
  refSerialize: '2c8eedfebc33a6c91f13ec8413680b06'
}
[handleMsg]:  {
  key: {
    remoteJid: '573105045350@s.whatsapp.net',
    fromMe: false,
    id: 'FF8773CC1CA8A789F5AFFB260B7005A8',
    participant: undefined
  },
  messageTimestamp: 1719073310,
  pushName: 'Esteban',
  broadcast: false,
  message: Message {
    conversation: '2928822',
    messageContextInfo: MessageContextInfo {
      deviceListMetadata: [DeviceListMetadata],
      deviceListMetadataVersion: 2
    }
  },
  body: '2928822',
  from: '573105045350'
}
[QUEUE_SE_ENVIO]:  {
  ref: 'ans_7aeb60ae-a26b-4330-98fd-388a211655e0',
  keyword: 'ans_f29332ea-49a9-4922-885b-9344861c3a1d',
  answer: 'continuemos ya falta poco, 쯇odr칤as indicarme cual es tu correo electr칩nico? (Introduce por favor un formato tipo: *mail@mail.com*)',
  options: {
    media: null,
    buttons: [],
    capture: true,
    child: null,
    delay: 0,
    idle: null,
    ref: null,
    nested: [],
    keyword: {},
    callback: true
  },
  refSerialize: '5fa933b3b0a19d0f4a1375184c600766'
}
[handleMsg]:  {
  key: {
    remoteJid: '573105045350@s.whatsapp.net',
    fromMe: false,
    id: 'B1F01867A28D6FF0E900CECF504364D1',
    participant: undefined
  },
  messageTimestamp: 1719073313,
  pushName: 'Esteban',
  broadcast: false,
  message: Message {
    conversation: 'Ksnsnsss',
    messageContextInfo: MessageContextInfo {
      deviceListMetadata: [DeviceListMetadata],
      deviceListMetadataVersion: 2
    }
  },
  body: 'Ksnsnsss',
  from: '573105045350'
}
[QUEUE_SE_ENVIO]:  {
  ref: 'ans_19580920-55ea-40bf-99e2-ca7f954882d6',
  keyword: 'ans_7aeb60ae-a26b-4330-98fd-388a211655e0',
  answer: '쯇odr칤as indicarme la region en la que vives',
  options: {
    media: null,
    buttons: [],
    capture: true,
    child: null,
    delay: 0,
    idle: null,
    ref: null,
    nested: [],
    keyword: {},
    callback: true
  },
  refSerialize: 'e1edff44333a86b89fc0e2476a199edb'
}
[handleMsg]:  {
  key: {
    remoteJid: '573105045350@s.whatsapp.net',
    fromMe: false,
    id: 'CD95CAB018541DDE688C9FB494D9A8A9',
    participant: undefined
  },
  messageTimestamp: 1719073319,
  pushName: 'Esteban',
  broadcast: false,
  message: Message {
    conversation: 'Risaralda',
    messageContextInfo: MessageContextInfo {
      deviceListMetadata: [DeviceListMetadata],
      deviceListMetadataVersion: 2
    }
  },
  body: 'Risaralda',
  from: '573105045350'
}
[QUEUE_SE_ENVIO]:  {
  ref: 'ans_55658b12-1373-44f4-8fbb-ad8278071da8',
  keyword: 'ans_19580920-55ea-40bf-99e2-ca7f954882d6',
  answer: 'Ahora, indicame la ciudad en la que vives, por favor 游때',
  options: {
    media: null,
    buttons: [],
    capture: true,
    child: null,
    delay: 0,
    idle: null,
    ref: null,
    nested: [],
    keyword: {},
    callback: true
  },
  refSerialize: '0738e1898c76d72b67b9a79cbb0c8368'
}
[handleMsg]:  {
  key: {
    remoteJid: '573105045350@s.whatsapp.net',
    fromMe: false,
    id: '954E738DDCECF5C812467793150A2CB2',
    participant: undefined
  },
  messageTimestamp: 1719073322,
  pushName: 'Esteban',
  broadcast: false,
  message: Message {
    conversation: 'No',
    messageContextInfo: MessageContextInfo {
      deviceListMetadata: [DeviceListMetadata],
      deviceListMetadataVersion: 2
    }
  },
  body: 'No',
  from: '573105045350'
}
[handleMsg]:  {
  key: {
    remoteJid: '573105045350@s.whatsapp.net',
    fromMe: false,
    id: 'C37C30C53CF5ECF96CB8FE768926E693',
    participant: undefined
  },
  messageTimestamp: 1719073325,
  pushName: 'Esteban',
  broadcast: false,
  message: Message {
    conversation: 'Hola',
    messageContextInfo: MessageContextInfo {
      deviceListMetadata: [DeviceListMetadata],
      deviceListMetadataVersion: 2
    }
  },
  body: 'Hola',
  from: '573105045350'
}
[QUEUE_SE_ENVIO]:  {
  ref: 'ans_11ac77e6-1e9b-4315-aa68-0fd3928cdea4',
  keyword: 'key_5c233048-958a-45af-b1b9-28f65ce19fd9',
  answer: 'Hola, y bienvenido/a al proceso de selecci칩n de OFRECETUTALENTO 游뗿, Estoy aqu칤 para ayudarte a postular a una vacante y guiarte a trav칠s del proceso de manera sencilla 游녧',
  options: {
    media: null,
    buttons: [],
    capture: false,
    child: null,
    delay: 0,
    idle: null,
    ref: null,
    nested: [],
    keyword: {},
    callback: false
  },
  refSerialize: '5b54f514237c4ab38c34dc0d79535401'
}
[QUEUE_SE_ENVIO]:  {
  ref: 'ans_9a8fca08-0a6f-4049-864b-7813fc701223',
  keyword: 'ans_11ac77e6-1e9b-4315-aa68-0fd3928cdea4',
  answer: '*ACUERDO DE POLITICA DE PRIVACIDAD*',
  options: {
    media: null,
    buttons: [],
    capture: false,
    child: null,
    delay: 0,
    idle: null,
    ref: null,
    nested: [],
    keyword: {},
    callback: false
  },
  refSerialize: '82e4a0b7b991be198eb299c26a1de551'
}
[QUEUE_SE_ENVIO]:  {
  ref: 'ans_edd7fb26-9aa0-494d-923d-7a18d58006a5',
  keyword: 'ans_9a8fca08-0a6f-4049-864b-7813fc701223',
  answer: 'Antes de continuar, es importante que leas y aceptes nuestra pol칤tica de privacidad, puedes encontrarla en https://bit.ly/politicadeprivacidad-gu',
  options: {
    media: null,
    buttons: [],
    capture: false,
    child: null,
    delay: 0,
    idle: null,
    ref: null,
    nested: [],
    keyword: {},
    callback: false
  },
  refSerialize: '78a217d90a130d8d9a5237cd68e3c36f'
}
[QUEUE_SE_ENVIO]:  {
  ref: 'ans_d2056dac-f038-4b8f-8691-bce8f4868dd6',
  keyword: 'ans_edd7fb26-9aa0-494d-923d-7a18d58006a5',
  answer: '쮸ceptas nuestra politica de privacidad?\n' +
    ' Escribe *SI ACEPTO* o *NO ACEPTO*',
  options: {
    media: null,
    buttons: [],
    capture: true,
    child: null,
    delay: 0,
    idle: null,
    ref: null,
    nested: [ [Object], [Object], [Object], [Object] ],
    keyword: {},
    callback: true
  },
  refSerialize: 'ed70cc0e1c547bbb6093e1b81cc2d99f'
}
[handleMsg]:  {
  key: {
    remoteJid: '573105045350@s.whatsapp.net',
    fromMe: false,
    id: '37A006D052103ABB7132B2BB4676C455',
    participant: undefined
  },
  messageTimestamp: 1719073328,
  pushName: 'Esteban',
  broadcast: false,
  message: Message {
    conversation: 'Si acepto',
    messageContextInfo: MessageContextInfo {
      deviceListMetadata: [DeviceListMetadata],
      deviceListMetadataVersion: 2
    }
  },
  body: 'Si acepto',
  from: '573105045350'
}
[QUEUE_SE_ENVIO]:  {
  ref: 'ans_cea04f79-7421-4b98-8af8-9575f06c5881',
  keyword: 'key_f5c7a4e9-91af-4e81-a2ca-50c8cf1a9519',
  answer: 'Escribe *PROCESO* si quieres continuar en el proceso de selecci칩n, o escribe *BOT* si quieres recibir consejos de como puedes mejorar tu CV y mejorar tus habilidades blandas para aumentar tus posibilidades de ser seleccionado. 游땕',
  options: {
    media: null,
    buttons: [],
    capture: true,
    child: null,
    delay: 0,
    idle: null,
    ref: null,
    nested: [
      [Object], [Object],
      [Object], [Object],
      [Object], [Object],
      [Object], [Object],
      [Object], [Object],
      [Object], [Object],
      [Object], [Object]
    ],
    keyword: {},
    callback: true
  },
  refSerialize: '9cee2be64b6c6ddedc0946ae5bc323ae'
}
[handleMsg]:  {
  key: {
    remoteJid: '573105045350@s.whatsapp.net',
    fromMe: false,
    id: '182A6C869CE23EA424A1E624CCB5DB17',
    participant: undefined
  },
  messageTimestamp: 1719073331,
  pushName: 'Esteban',
  broadcast: false,
  message: Message {
    conversation: 'Proceso',
    messageContextInfo: MessageContextInfo {
      deviceListMetadata: [DeviceListMetadata],
      deviceListMetadataVersion: 2
    }
  },
  body: 'Proceso',
  from: '573105045350'
}
[QUEUE_SE_ENVIO]:  {
  ref: 'ans_82fcedb8-c875-43c8-9101-8be258add4db',
  keyword: 'key_594503c1-c5b4-4936-8517-19ffdbd3df86',
  answer: 'Gracias por continuar en el proceso 游때, podemos proceder con la recopilaci칩n de tu informaci칩n 游녨',
  options: {
    media: null,
    buttons: [],
    capture: false,
    child: null,
    delay: 0,
    idle: null,
    ref: null,
    nested: [],
    keyword: {},
    callback: false
  },
  refSerialize: '4aee509cfb8ddcd601c8341e3a9c7430'
}
[QUEUE_SE_ENVIO]:  {
  ref: 'ans_6c3376d3-634b-4ced-9af1-ae4b286da923',
  keyword: 'ans_82fcedb8-c875-43c8-9101-8be258add4db',
  answer: 'Para comenzar, necesito algunos datos personales, para identificarte en nuestro sistema, si en algun momento quieres cancelar el proceso, escribe *NO* 游뗿',
  options: {
    media: null,
    buttons: [],
    capture: false,
    child: null,
    delay: 0,
    idle: null,
    ref: null,
    nested: [],
    keyword: {},
    callback: false
  },
  refSerialize: 'ea6f0ad19bc51d3d713def1971639514'
}
[QUEUE_SE_ENVIO]:  {
  ref: 'ans_aa0cf820-e420-4996-ba01-5e86faea766d',
  keyword: 'ans_6c3376d3-634b-4ced-9af1-ae4b286da923',
  answer: '쯇odr칤as indicarme tu nombre completo?',
  options: {
    media: null,
    buttons: [],
    capture: true,
    child: null,
    delay: 0,
    idle: null,
    ref: null,
    nested: [],
    keyword: {},
    callback: true
  },
  refSerialize: 'db8ddd2a64ee1d349040d004445bd6f2'
}
[handleMsg]:  {
  key: {
    remoteJid: '573105045350@s.whatsapp.net',
    fromMe: false,
    id: 'C3B20180C8C01C3C93F298C361230DF0',
    participant: undefined
  },
  messageTimestamp: 1719073335,
  pushName: 'Esteban',
  broadcast: false,
  message: Message {
    conversation: 'Julian',
    messageContextInfo: MessageContextInfo {
      deviceListMetadata: [DeviceListMetadata],
      deviceListMetadataVersion: 2
    }
  },
  body: 'Julian',
  from: '573105045350'
}
[QUEUE_SE_ENVIO]:  {
  ref: 'ans_7b61765e-af71-41d1-99fe-f1c6d355b613',
  keyword: 'ans_aa0cf820-e420-4996-ba01-5e86faea766d',
  answer: '쯇odr칤as indicarme tu numero de documento?',
  options: {
    media: null,
    buttons: [],
    capture: true,
    child: null,
    delay: 0,
    idle: null,
    ref: null,
    nested: [],
    keyword: {},
    callback: true
  },
  refSerialize: 'f00e3902862633a0661274c15e988f51'
}
[handleMsg]:  {
  key: {
    remoteJid: '573105045350@s.whatsapp.net',
    fromMe: false,
    id: 'FEA63D14405C77378CEB161DED7381FE',
    participant: undefined
  },
  messageTimestamp: 1719073337,
  pushName: 'Esteban',
  broadcast: false,
  message: Message {
    conversation: '29282',
    messageContextInfo: MessageContextInfo {
      deviceListMetadata: [DeviceListMetadata],
      deviceListMetadataVersion: 2
    }
  },
  body: '29282',
  from: '573105045350'
}
[QUEUE_SE_ENVIO]:  {
  ref: 'ans_f29332ea-49a9-4922-885b-9344861c3a1d',
  keyword: 'ans_7b61765e-af71-41d1-99fe-f1c6d355b613',
  answer: 'Perfecto游녨 쯇odr칤as indicarme tu numero de whatsapp, para mantener una comunicaci칩n fluida contigo?游때',
  options: {
    media: null,
    buttons: [],
    capture: true,
    child: null,
    delay: 0,
    idle: null,
    ref: null,
    nested: [],
    keyword: {},
    callback: true
  },
  refSerialize: '2c8eedfebc33a6c91f13ec8413680b06'
}
[handleMsg]:  {
  key: {
    remoteJid: '573105045350@s.whatsapp.net',
    fromMe: false,
    id: '3BDD6A84B22F41B1DC5CB90A00612E67',
    participant: undefined
  },
  messageTimestamp: 1719073341,
  pushName: 'Esteban',
  broadcast: false,
  message: Message {
    conversation: '2333',
    messageContextInfo: MessageContextInfo {
      deviceListMetadata: [DeviceListMetadata],
      deviceListMetadataVersion: 2
    }
  },
  body: '2333',
  from: '573105045350'
}
[QUEUE_SE_ENVIO]:  {
  ref: 'ans_7aeb60ae-a26b-4330-98fd-388a211655e0',
  keyword: 'ans_f29332ea-49a9-4922-885b-9344861c3a1d',
  answer: 'continuemos ya falta poco, 쯇odr칤as indicarme cual es tu correo electr칩nico? (Introduce por favor un formato tipo: *mail@mail.com*)',
  options: {
    media: null,
    buttons: [],
    capture: true,
    child: null,
    delay: 0,
    idle: null,
    ref: null,
    nested: [],
    keyword: {},
    callback: true
  },
  refSerialize: '5fa933b3b0a19d0f4a1375184c600766'
}
[handleMsg]:  {
  key: {
    remoteJid: '573105045350@s.whatsapp.net',
    fromMe: false,
    id: 'E37373655E671C254FE494E1CBBD25CA',
    participant: undefined
  },
  messageTimestamp: 1719073348,
  pushName: 'Esteban',
  broadcast: false,
  message: Message {
    conversation: 'Julian@gmail.com',
    messageContextInfo: MessageContextInfo {
      deviceListMetadata: [DeviceListMetadata],
      deviceListMetadataVersion: 2
    }
  },
  body: 'Julian@gmail.com',
  from: '573105045350'
}
[QUEUE_SE_ENVIO]:  {
  ref: 'ans_19580920-55ea-40bf-99e2-ca7f954882d6',
  keyword: 'ans_7aeb60ae-a26b-4330-98fd-388a211655e0',
  answer: '쯇odr칤as indicarme la region en la que vives',
  options: {
    media: null,
    buttons: [],
    capture: true,
    child: null,
    delay: 0,
    idle: null,
    ref: null,
    nested: [],
    keyword: {},
    callback: true
  },
  refSerialize: 'e1edff44333a86b89fc0e2476a199edb'
}
[handleMsg]:  {
  key: {
    remoteJid: '573105045350@s.whatsapp.net',
    fromMe: false,
    id: 'A63269AF40DDA8C240C8902F8951722C',
    participant: undefined
  },
  messageTimestamp: 1719073355,
  pushName: 'Esteban',
  broadcast: false,
  message: Message {
    conversation: 'Risaralda',
    messageContextInfo: MessageContextInfo {
      deviceListMetadata: [DeviceListMetadata],
      deviceListMetadataVersion: 2
    }
  },
  body: 'Risaralda',
  from: '573105045350'
}
[QUEUE_SE_ENVIO]:  {
  ref: 'ans_55658b12-1373-44f4-8fbb-ad8278071da8',
  keyword: 'ans_19580920-55ea-40bf-99e2-ca7f954882d6',
  answer: 'Ahora, indicame la ciudad en la que vives, por favor 游때',
  options: {
    media: null,
    buttons: [],
    capture: true,
    child: null,
    delay: 0,
    idle: null,
    ref: null,
    nested: [],
    keyword: {},
    callback: true
  },
  refSerialize: '0738e1898c76d72b67b9a79cbb0c8368'
}
[handleMsg]:  {
  key: {
    remoteJid: '573105045350@s.whatsapp.net',
    fromMe: false,
    id: 'C9B717527FA5B5B90A1B08D098D3A91C',
    participant: undefined
  },
  messageTimestamp: 1719073358,
  pushName: 'Esteban',
  broadcast: false,
  message: Message {
    conversation: 'Pereira',
    messageContextInfo: MessageContextInfo {
      deviceListMetadata: [DeviceListMetadata],
      deviceListMetadataVersion: 2
    }
  },
  body: 'Pereira',
  from: '573105045350'
}
[QUEUE_SE_ENVIO]:  {
  ref: 'ans_8ea31c14-ef96-45c0-b6f7-c1d59a87c82d',
  keyword: 'ans_55658b12-1373-44f4-8fbb-ad8278071da8',
  answer: 'a continuaci칩n puedes adjuntar tu CV en los siguientes formatos. (PDF, DOC)',
  options: {
    media: null,
    buttons: [],
    capture: true,
    child: null,
    delay: 0,
    idle: null,
    ref: null,
    nested: [],
    keyword: {},
    callback: true
  },
  refSerialize: '6f227e086f990801896a11eda1206c9e'
}
[handleMsg]:  {
  key: {
    remoteJid: '573105045350@s.whatsapp.net',
    fromMe: false,
    id: '49069EE5ECC28890B2E0344AC838545D',
    participant: undefined
  },
  messageTimestamp: 1719073373,
  pushName: 'Esteban',
  broadcast: false,
  message: Message {
    documentMessage: DocumentMessage {
      url: 'https://mmg.whatsapp.net/v/t62.7119-24/11976109_1147622049815630_944416062650362355_n.enc?ccb=11-4&oh=01_Q5AaIPhDEuYyK3S6PQ2Scd9k5VfMpW0r2L31KtTxQgx79ceJ&oe=669E5725&_nc_sid=5e03e0&mms3=true',
      mimetype: 'application/pdf',
      fileSha256: [Uint8Array],
      fileLength: [Long],
      pageCount: 1,
      mediaKey: [Uint8Array],
      fileName: 'curriculum_EstebanRojas.pdf',
      fileEncSha256: [Uint8Array],
      directPath: '/v/t62.7119-24/11976109_1147622049815630_944416062650362355_n.enc?ccb=11-4&oh=01_Q5AaIPhDEuYyK3S6PQ2Scd9k5VfMpW0r2L31KtTxQgx79ceJ&oe=669E5725&_nc_sid=5e03e0',
      mediaKeyTimestamp: [Long],
      thumbnailDirectPath: '/v/t62.36145-24/11889190_352448167622940_1807353318507436097_n.enc?ccb=11-4&oh=01_Q5AaIHp7hpHXtcWxsANFGFpkgJEG9Azo-A4dvx0Br2qkGP_v&oe=669E6A5C&_nc_sid=5e03e0',
      thumbnailSha256: [Uint8Array],
      thumbnailEncSha256: [Uint8Array],
      jpegThumbnail: [Uint8Array],
      thumbnailHeight: 480,
      thumbnailWidth: 370
    },
    messageContextInfo: MessageContextInfo {
      deviceListMetadata: [DeviceListMetadata],
      deviceListMetadataVersion: 2
    }
  },
  body: '_event_document__a74f5f4e-199d-41e9-ad8c-6221bc182dfd',
  from: '573105045350'
}
[QUEUE_SE_ENVIO]:  {
  ref: 'ans_1d0e43d2-ba74-4cde-9dfd-9fe0d960031c',
  keyword: 'ans_8ea31c14-ef96-45c0-b6f7-c1d59a87c82d',
  answer: 'Ya tengo todos tus datos para el proceso de selecci칩n, muchas gracias游녧',
  options: {
    media: null,
    buttons: [],
    capture: false,
    child: null,
    delay: 0,
    idle: null,
    ref: null,
    nested: [],
    keyword: {},
    callback: false
  },
  refSerialize: 'e7718741ca22aa9b28223340961de436'
}
[QUEUE_SE_ENVIO]:  {
  ref: 'ans_38223e19-59b4-4dec-8619-6aec73cba8c8',
  keyword: 'ans_1d0e43d2-ba74-4cde-9dfd-9fe0d960031c',
  answer: 'Si quieres recibir un feedback de tu CV, escribe *FEEDBACK*, si quieres ver las vacantes relacionadas con tus talentos, escribe *VACANTES*',
  options: {
    media: null,
    buttons: [],
    capture: true,
    child: null,
    delay: 0,
    idle: null,
    ref: null,
    nested: [ [Object], [Object], [Object], [Object] ],
    keyword: {},
    callback: true
  },
  refSerialize: '2280662033770373f4fffbb0d79cc947'
}
