573105045350:ENCOLADO ans_243e3ee6-443c-4db7-b484-d871c3d7b19e
EJECUTANDO:ans_243e3ee6-443c-4db7-b484-d871c3d7b19e
573105045350:SUCCESS
573105045350:ENCOLADO ans_3fb477ad-52ea-4c3d-ba29-f10fb2c2f6fb
EJECUTANDO:ans_3fb477ad-52ea-4c3d-ba29-f10fb2c2f6fb
573105045350:SUCCESS
573105045350:ENCOLADO ans_6e6a3e5a-dca4-428d-a9f5-b6f56fb04ea6
EJECUTANDO:ans_6e6a3e5a-dca4-428d-a9f5-b6f56fb04ea6
573105045350:SUCCESS
573105045350:ENCOLADO ans_6617b3c9-69e5-4de1-8bb8-843270470c7b
EJECUTANDO:ans_6617b3c9-69e5-4de1-8bb8-843270470c7b
573105045350:SUCCESS
573105045350:ENCOLADO ans_6bf10277-697f-4cdb-b8e4-c9bb983188d9
EJECUTANDO:ans_6bf10277-697f-4cdb-b8e4-c9bb983188d9
573105045350:SUCCESS
573105045350:ENCOLADO ans_021798f2-3b54-4814-abea-bec5f0a81f1f
EJECUTANDO:ans_021798f2-3b54-4814-abea-bec5f0a81f1f
573105045350:SUCCESS
573105045350:ENCOLADO ans_c84d54f8-8b64-46c1-9962-a4de1dd74adf
EJECUTANDO:ans_c84d54f8-8b64-46c1-9962-a4de1dd74adf
573105045350:SUCCESS
